  LearnOpenGL.cpp
D:\Coding\GameDev\OpenGL\opengllearn\Window.h(12,10): warning C4244: "return": Konvertierung von "GLint" in "GLfloat", möglicher Datenverlust
D:\Coding\GameDev\OpenGL\opengllearn\Window.h(15,10): warning C4244: "return": Konvertierung von "GLint" in "GLfloat", möglicher Datenverlust
D:\Coding\GameDev\OpenGL\opengllearn\Window.h(29,10): warning C4244: "return": Konvertierung von "GLint" in "GLfloat", möglicher Datenverlust
D:\Coding\GameDev\OpenGL\opengllearn\Window.h(33,10): warning C4244: "return": Konvertierung von "GLint" in "GLfloat", möglicher Datenverlust
D:\Coding\GameDev\OpenGL\opengllearn\LearnOpenGL.cpp(76,52): warning C4267: "Initialisierung": Konvertierung von "size_t" nach "unsigned int", Datenverlust möglich
D:\Coding\GameDev\OpenGL\opengllearn\LearnOpenGL.cpp(158,66): warning C4244: "Argument": Konvertierung von "GLfloat" in "GLsizei", möglicher Datenverlust
D:\Coding\GameDev\OpenGL\opengllearn\LearnOpenGL.cpp(158,38): warning C4244: "Argument": Konvertierung von "GLfloat" in "GLsizei", möglicher Datenverlust
D:\Coding\GameDev\OpenGL\opengllearn\LearnOpenGL.cpp(163,72): warning C4244: "Argument": Konvertierung von "GLfloat" in "GLsizei", möglicher Datenverlust
D:\Coding\GameDev\OpenGL\opengllearn\LearnOpenGL.cpp(163,42): warning C4244: "Argument": Konvertierung von "GLfloat" in "GLsizei", möglicher Datenverlust
D:\Coding\GameDev\OpenGL\opengllearn\LearnOpenGL.cpp(177,64): warning C4244: "Argument": Konvertierung von "GLfloat" in "GLsizei", möglicher Datenverlust
D:\Coding\GameDev\OpenGL\opengllearn\LearnOpenGL.cpp(177,39): warning C4244: "Argument": Konvertierung von "GLfloat" in "GLsizei", möglicher Datenverlust
D:\Coding\GameDev\OpenGL\opengllearn\LearnOpenGL.cpp(225,88): warning C4244: "Argument": Konvertierung von "GLfloat" in "GLsizei", möglicher Datenverlust
D:\Coding\GameDev\OpenGL\opengllearn\LearnOpenGL.cpp(225,63): warning C4244: "Argument": Konvertierung von "GLfloat" in "GLsizei", möglicher Datenverlust
D:\Coding\GameDev\OpenGL\opengllearn\LearnOpenGL.cpp(231,99): warning C4244: "Argument": Konvertierung von "GLfloat" in "GLsizei", möglicher Datenverlust
D:\Coding\GameDev\OpenGL\opengllearn\LearnOpenGL.cpp(231,74): warning C4244: "Argument": Konvertierung von "GLfloat" in "GLsizei", möglicher Datenverlust
D:\Coding\GameDev\OpenGL\opengllearn\LearnOpenGL.cpp(307,15): warning C4244: "Initialisierung": Konvertierung von "double" in "GLfloat", möglicher Datenverlust
D:\Coding\GameDev\OpenGL\opengllearn\LearnOpenGL.cpp(322,65): warning C4244: "Argument": Konvertierung von "GLfloat" in "GLsizei", möglicher Datenverlust
D:\Coding\GameDev\OpenGL\opengllearn\LearnOpenGL.cpp(322,40): warning C4244: "Argument": Konvertierung von "GLfloat" in "GLsizei", möglicher Datenverlust
  LearnOpenGL.vcxproj -> D:\Coding\GameDev\OpenGL\opengllearn\x64\Debug\LearnOpenGL.exe
