d:\coding\gamedev\opengl\opengllearn\x64\debug\vc142.pdb
d:\coding\gamedev\opengl\opengllearn\x64\debug\vc142.idb
d:\coding\gamedev\opengl\opengllearn\x64\debug\window.obj
d:\coding\gamedev\opengl\opengllearn\x64\debug\texture.obj
d:\coding\gamedev\opengl\opengllearn\x64\debug\spotlight.obj
d:\coding\gamedev\opengl\opengllearn\x64\debug\shader.obj
d:\coding\gamedev\opengl\opengllearn\x64\debug\pointlight.obj
d:\coding\gamedev\opengl\opengllearn\x64\debug\modelloader.obj
d:\coding\gamedev\opengl\opengllearn\x64\debug\mesh.obj
d:\coding\gamedev\opengl\opengllearn\x64\debug\material.obj
d:\coding\gamedev\opengl\opengllearn\x64\debug\light.obj
d:\coding\gamedev\opengl\opengllearn\x64\debug\learnopengl.obj
d:\coding\gamedev\opengl\opengllearn\x64\debug\directionallight.obj
d:\coding\gamedev\opengl\opengllearn\x64\debug\camera.obj
d:\coding\gamedev\opengl\opengllearn\x64\debug\learnopengl.exe
d:\coding\gamedev\opengl\opengllearn\x64\debug\learnopengl.ilk
d:\coding\gamedev\opengl\opengllearn\x64\debug\learnopengl.pdb
d:\coding\gamedev\opengl\opengllearn\x64\debug\learnopengl.tlog\cl.command.1.tlog
d:\coding\gamedev\opengl\opengllearn\x64\debug\learnopengl.tlog\cl.read.1.tlog
d:\coding\gamedev\opengl\opengllearn\x64\debug\learnopengl.tlog\cl.write.1.tlog
d:\coding\gamedev\opengl\opengllearn\x64\debug\learnopengl.tlog\link.command.1.tlog
d:\coding\gamedev\opengl\opengllearn\x64\debug\learnopengl.tlog\link.read.1.tlog
d:\coding\gamedev\opengl\opengllearn\x64\debug\learnopengl.tlog\link.write.1.tlog
